2017-11-08 22:58:20.627 [br.com.fish.devops.Application.main()] INFO  br.com.fish.devops.Application - Starting Application on DESKTOP-GOAOHH9 with PID 8888 (C:\dibrito\SOA-Monolith\target\classes started by pdibr in C:\dibrito\SOA-Monolith)
2017-11-08 22:58:20.658 [br.com.fish.devops.Application.main()] INFO  org.springframework.boot.context.embedded.AnnotationConfigEmbeddedWebApplicationContext - Refreshing org.springframework.boot.context.embedded.AnnotationConfigEmbeddedWebApplicationContext@610eec93: startup date [Wed Nov 08 22:58:20 BRST 2017]; root of context hierarchy
2017-11-08 22:58:21.002 [br.com.fish.devops.Application.main()] INFO  org.springframework.beans.factory.support.DefaultListableBeanFactory - Overriding bean definition for bean 'beanNameViewResolver': replacing [Root bean: class [null]; scope=; abstract=false; lazyInit=false; autowireMode=3; dependencyCheck=0; autowireCandidate=true; primary=false; factoryBeanName=org.springframework.boot.autoconfigure.web.ErrorMvcAutoConfiguration$WhitelabelErrorViewConfiguration; factoryMethodName=beanNameViewResolver; initMethodName=null; destroyMethodName=(inferred); defined in class path resource [org/springframework/boot/autoconfigure/web/ErrorMvcAutoConfiguration$WhitelabelErrorViewConfiguration.class]] with [Root bean: class [null]; scope=; abstract=false; lazyInit=false; autowireMode=3; dependencyCheck=0; autowireCandidate=true; primary=false; factoryBeanName=org.springframework.boot.autoconfigure.web.WebMvcAutoConfiguration$WebMvcAutoConfigurationAdapter; factoryMethodName=beanNameViewResolver; initMethodName=null; destroyMethodName=(inferred); defined in class path resource [org/springframework/boot/autoconfigure/web/WebMvcAutoConfiguration$WebMvcAutoConfigurationAdapter.class]]
2017-11-08 22:58:21.117 [br.com.fish.devops.Application.main()] INFO  org.springframework.beans.factory.annotation.AutowiredAnnotationBeanPostProcessor - JSR-330 'javax.inject.Inject' annotation found and supported for autowiring
2017-11-08 22:58:21.148 [br.com.fish.devops.Application.main()] WARN  org.springframework.boot.context.embedded.AnnotationConfigEmbeddedWebApplicationContext - Exception encountered during context initialization - cancelling refresh attempt
org.springframework.beans.factory.BeanCreationException: Error creating bean with name 'org.springframework.boot.context.properties.ConfigurationPropertiesBindingPostProcessor': Invocation of init method failed; nested exception is java.lang.NoClassDefFoundError: javax/xml/bind/JAXBException
	at org.springframework.beans.factory.support.AbstractAutowireCapableBeanFactory.initializeBean(AbstractAutowireCapableBeanFactory.java:1566) ~[spring-beans-4.1.3.RELEASE.jar:4.1.3.RELEASE]
	at org.springframework.beans.factory.support.AbstractAutowireCapableBeanFactory.doCreateBean(AbstractAutowireCapableBeanFactory.java:539) ~[spring-beans-4.1.3.RELEASE.jar:4.1.3.RELEASE]
	at org.springframework.beans.factory.support.AbstractAutowireCapableBeanFactory.createBean(AbstractAutowireCapableBeanFactory.java:476) ~[spring-beans-4.1.3.RELEASE.jar:4.1.3.RELEASE]
	at org.springframework.beans.factory.support.AbstractBeanFactory$1.getObject(AbstractBeanFactory.java:302) ~[spring-beans-4.1.3.RELEASE.jar:4.1.3.RELEASE]
	at org.springframework.beans.factory.support.DefaultSingletonBeanRegistry.getSingleton(DefaultSingletonBeanRegistry.java:230) ~[spring-beans-4.1.3.RELEASE.jar:4.1.3.RELEASE]
	at org.springframework.beans.factory.support.AbstractBeanFactory.doGetBean(AbstractBeanFactory.java:298) ~[spring-beans-4.1.3.RELEASE.jar:4.1.3.RELEASE]
	at org.springframework.beans.factory.support.AbstractBeanFactory.getBean(AbstractBeanFactory.java:198) ~[spring-beans-4.1.3.RELEASE.jar:4.1.3.RELEASE]
	at org.springframework.context.support.PostProcessorRegistrationDelegate.registerBeanPostProcessors(PostProcessorRegistrationDelegate.java:199) ~[spring-context-4.1.3.RELEASE.jar:4.1.3.RELEASE]
	at org.springframework.context.support.AbstractApplicationContext.registerBeanPostProcessors(AbstractApplicationContext.java:615) ~[spring-context-4.1.3.RELEASE.jar:4.1.3.RELEASE]
	at org.springframework.context.support.AbstractApplicationContext.refresh(AbstractApplicationContext.java:465) [spring-context-4.1.3.RELEASE.jar:4.1.3.RELEASE]
	at org.springframework.boot.context.embedded.EmbeddedWebApplicationContext.refresh(EmbeddedWebApplicationContext.java:109) [spring-boot-1.2.0.RELEASE.jar:1.2.0.RELEASE]
	at org.springframework.boot.SpringApplication.refresh(SpringApplication.java:691) [spring-boot-1.2.0.RELEASE.jar:1.2.0.RELEASE]
	at org.springframework.boot.SpringApplication.run(SpringApplication.java:321) [spring-boot-1.2.0.RELEASE.jar:1.2.0.RELEASE]
	at org.springframework.boot.SpringApplication.run(SpringApplication.java:961) [spring-boot-1.2.0.RELEASE.jar:1.2.0.RELEASE]
	at org.springframework.boot.SpringApplication.run(SpringApplication.java:950) [spring-boot-1.2.0.RELEASE.jar:1.2.0.RELEASE]
	at br.com.fish.devops.Application.main(Application.java:9) [classes/:?]
	at java.base/jdk.internal.reflect.NativeMethodAccessorImpl.invoke0(Native Method) ~[?:?]
	at java.base/jdk.internal.reflect.NativeMethodAccessorImpl.invoke(NativeMethodAccessorImpl.java:62) ~[?:?]
	at java.base/jdk.internal.reflect.DelegatingMethodAccessorImpl.invoke(DelegatingMethodAccessorImpl.java:43) ~[?:?]
	at java.base/java.lang.reflect.Method.invoke(Method.java:564) ~[?:?]
	at org.springframework.boot.maven.RunMojo$LaunchRunner.run(RunMojo.java:408) [spring-boot-maven-plugin-1.2.0.RELEASE.jar:1.2.0.RELEASE]
	at java.base/java.lang.Thread.run(Thread.java:844) [?:?]
Caused by: java.lang.NoClassDefFoundError: javax/xml/bind/JAXBException
	at java.base/java.lang.Class.forName0(Native Method) ~[?:?]
	at java.base/java.lang.Class.forName(Class.java:375) ~[?:?]
	at org.jboss.logging.Logger.getMessageLogger(Logger.java:2248) ~[bean-validator-2.3.0-b10.jar:?]
	at org.jboss.logging.Logger.getMessageLogger(Logger.java:2214) ~[bean-validator-2.3.0-b10.jar:?]
	at org.hibernate.validator.internal.util.logging.LoggerFactory.make(LoggerFactory.java:29) ~[bean-validator-2.3.0-b10.jar:?]
	at org.hibernate.validator.internal.util.Version.<clinit>(Version.java:27) ~[bean-validator-2.3.0-b10.jar:?]
	at org.hibernate.validator.internal.engine.ConfigurationImpl.<clinit>(ConfigurationImpl.java:65) ~[bean-validator-2.3.0-b10.jar:?]
	at org.hibernate.validator.HibernateValidator.createGenericConfiguration(HibernateValidator.java:41) ~[bean-validator-2.3.0-b10.jar:?]
	at javax.validation.Validation$GenericBootstrapImpl.configure(Validation.java:276) ~[bean-validator-2.3.0-b10.jar:?]
	at org.springframework.validation.beanvalidation.LocalValidatorFactoryBean.afterPropertiesSet(LocalValidatorFactoryBean.java:223) ~[spring-context-4.1.3.RELEASE.jar:4.1.3.RELEASE]
	at org.springframework.boot.context.properties.ConfigurationPropertiesBindingPostProcessor$Jsr303ValidatorFactory.run(ConfigurationPropertiesBindingPostProcessor.java:361) ~[spring-boot-1.2.0.RELEASE.jar:1.2.0.RELEASE]
	at org.springframework.boot.context.properties.ConfigurationPropertiesBindingPostProcessor.afterPropertiesSet(ConfigurationPropertiesBindingPostProcessor.java:174) ~[spring-boot-1.2.0.RELEASE.jar:1.2.0.RELEASE]
	at org.springframework.beans.factory.support.AbstractAutowireCapableBeanFactory.invokeInitMethods(AbstractAutowireCapableBeanFactory.java:1625) ~[spring-beans-4.1.3.RELEASE.jar:4.1.3.RELEASE]
	at org.springframework.beans.factory.support.AbstractAutowireCapableBeanFactory.initializeBean(AbstractAutowireCapableBeanFactory.java:1562) ~[spring-beans-4.1.3.RELEASE.jar:4.1.3.RELEASE]
	... 21 more
Caused by: java.lang.ClassNotFoundException: javax.xml.bind.JAXBException
	at java.base/java.net.URLClassLoader.findClass(URLClassLoader.java:466) ~[?:?]
	at java.base/java.lang.ClassLoader.loadClass(ClassLoader.java:563) ~[?:?]
	at java.base/java.lang.ClassLoader.loadClass(ClassLoader.java:496) ~[?:?]
	at java.base/java.lang.Class.forName0(Native Method) ~[?:?]
	at java.base/java.lang.Class.forName(Class.java:375) ~[?:?]
	at org.jboss.logging.Logger.getMessageLogger(Logger.java:2248) ~[bean-validator-2.3.0-b10.jar:?]
	at org.jboss.logging.Logger.getMessageLogger(Logger.java:2214) ~[bean-validator-2.3.0-b10.jar:?]
	at org.hibernate.validator.internal.util.logging.LoggerFactory.make(LoggerFactory.java:29) ~[bean-validator-2.3.0-b10.jar:?]
	at org.hibernate.validator.internal.util.Version.<clinit>(Version.java:27) ~[bean-validator-2.3.0-b10.jar:?]
	at org.hibernate.validator.internal.engine.ConfigurationImpl.<clinit>(ConfigurationImpl.java:65) ~[bean-validator-2.3.0-b10.jar:?]
	at org.hibernate.validator.HibernateValidator.createGenericConfiguration(HibernateValidator.java:41) ~[bean-validator-2.3.0-b10.jar:?]
	at javax.validation.Validation$GenericBootstrapImpl.configure(Validation.java:276) ~[bean-validator-2.3.0-b10.jar:?]
	at org.springframework.validation.beanvalidation.LocalValidatorFactoryBean.afterPropertiesSet(LocalValidatorFactoryBean.java:223) ~[spring-context-4.1.3.RELEASE.jar:4.1.3.RELEASE]
	at org.springframework.boot.context.properties.ConfigurationPropertiesBindingPostProcessor$Jsr303ValidatorFactory.run(ConfigurationPropertiesBindingPostProcessor.java:361) ~[spring-boot-1.2.0.RELEASE.jar:1.2.0.RELEASE]
	at org.springframework.boot.context.properties.ConfigurationPropertiesBindingPostProcessor.afterPropertiesSet(ConfigurationPropertiesBindingPostProcessor.java:174) ~[spring-boot-1.2.0.RELEASE.jar:1.2.0.RELEASE]
	at org.springframework.beans.factory.support.AbstractAutowireCapableBeanFactory.invokeInitMethods(AbstractAutowireCapableBeanFactory.java:1625) ~[spring-beans-4.1.3.RELEASE.jar:4.1.3.RELEASE]
	at org.springframework.beans.factory.support.AbstractAutowireCapableBeanFactory.initializeBean(AbstractAutowireCapableBeanFactory.java:1562) ~[spring-beans-4.1.3.RELEASE.jar:4.1.3.RELEASE]
	... 21 more
2017-11-08 22:58:21.163 [br.com.fish.devops.Application.main()] INFO  org.springframework.boot.logging.ClasspathLoggingApplicationListener - Application failed to start with classpath: [file:/C:/dibrito/SOA-Monolith/src/main/resources/, file:/C:/dibrito/SOA-Monolith/src/main/resources/, file:/C:/dibrito/SOA-Monolith/target/classes/, file:/C:/Users/pdibr/.m2/repository/com/fasterxml/jackson/core/jackson-annotations/2.4.4/jackson-annotations-2.4.4.jar, file:/C:/Users/pdibr/.m2/repository/org/glassfish/hk2/hk2-config/2.3.0-b10/hk2-config-2.3.0-b10.jar, file:/C:/Users/pdibr/.m2/repository/org/glassfish/hk2/external/bean-validator/2.3.0-b10/bean-validator-2.3.0-b10.jar, file:/C:/Users/pdibr/.m2/repository/org/yaml/snakeyaml/1.14/snakeyaml-1.14.jar, file:/C:/Users/pdibr/.m2/repository/aopalliance/aopalliance/1.0/aopalliance-1.0.jar, file:/C:/Users/pdibr/.m2/repository/org/glassfish/hk2/core/2.3.0-b10/core-2.3.0-b10.jar, file:/C:/Users/pdibr/.m2/repository/org/apache/tomcat/embed/tomcat-embed-core/8.0.15/tomcat-embed-core-8.0.15.jar, file:/C:/Users/pdibr/.m2/repository/org/springframework/boot/spring-boot/1.2.0.RELEASE/spring-boot-1.2.0.RELEASE.jar, file:/C:/Users/pdibr/.m2/repository/org/apache/logging/log4j/log4j-core/2.1/log4j-core-2.1.jar, file:/C:/Users/pdibr/.m2/repository/org/springframework/boot/spring-boot-starter-jersey/1.2.0.RELEASE/spring-boot-starter-jersey-1.2.0.RELEASE.jar, file:/C:/Users/pdibr/.m2/repository/com/fasterxml/jackson/core/jackson-databind/2.4.4/jackson-databind-2.4.4.jar, file:/C:/Users/pdibr/.m2/repository/org/springframework/spring-expression/4.1.3.RELEASE/spring-expression-4.1.3.RELEASE.jar, file:/C:/Users/pdibr/.m2/repository/org/glassfish/jersey/bundles/repackaged/jersey-guava/2.13/jersey-guava-2.13.jar, file:/C:/Users/pdibr/.m2/repository/com/googlecode/json-simple/json-simple/1.1.1/json-simple-1.1.1.jar, file:/C:/Users/pdibr/.m2/repository/org/springframework/spring-aop/4.1.3.RELEASE/spring-aop-4.1.3.RELEASE.jar, file:/C:/Users/pdibr/.m2/repository/biz/paluch/logging/logstash-gelf/1.7.0/logstash-gelf-1.7.0.jar, file:/C:/Users/pdibr/.m2/repository/com/fasterxml/jackson/core/jackson-core/2.4.4/jackson-core-2.4.4.jar, file:/C:/Users/pdibr/.m2/repository/org/apache/logging/log4j/log4j-slf4j-impl/2.1/log4j-slf4j-impl-2.1.jar, file:/C:/Users/pdibr/.m2/repository/com/fasterxml/jackson/jaxrs/jackson-jaxrs-json-provider/2.3.2/jackson-jaxrs-json-provider-2.3.2.jar, file:/C:/Users/pdibr/.m2/repository/org/springframework/boot/spring-boot-starter-log4j2/1.2.0.RELEASE/spring-boot-starter-log4j2-1.2.0.RELEASE.jar, file:/C:/Users/pdibr/.m2/repository/org/hamcrest/hamcrest-core/1.3/hamcrest-core-1.3.jar, file:/C:/Users/pdibr/.m2/repository/org/glassfish/hk2/class-model/2.3.0-b10/class-model-2.3.0-b10.jar, file:/C:/Users/pdibr/.m2/repository/javax/ws/rs/javax.ws.rs-api/2.0.1/javax.ws.rs-api-2.0.1.jar, file:/C:/Users/pdibr/.m2/repository/com/fasterxml/jackson/jaxrs/jackson-jaxrs-base/2.3.2/jackson-jaxrs-base-2.3.2.jar, file:/C:/Users/pdibr/.m2/repository/org/slf4j/jcl-over-slf4j/1.7.7/jcl-over-slf4j-1.7.7.jar, file:/C:/Users/pdibr/.m2/repository/com/fasterxml/jackson/module/jackson-module-jaxb-annotations/2.3.2/jackson-module-jaxb-annotations-2.3.2.jar, file:/C:/Users/pdibr/.m2/repository/org/springframework/spring-beans/4.1.3.RELEASE/spring-beans-4.1.3.RELEASE.jar, file:/C:/Users/pdibr/.m2/repository/org/springframework/spring-web/4.1.3.RELEASE/spring-web-4.1.3.RELEASE.jar, file:/C:/Users/pdibr/.m2/repository/org/glassfish/hk2/external/javax.inject/2.3.0-b10/javax.inject-2.3.0-b10.jar, file:/C:/Users/pdibr/.m2/repository/org/glassfish/hk2/external/aopalliance-repackaged/2.3.0-b10/aopalliance-repackaged-2.3.0-b10.jar, file:/C:/Users/pdibr/.m2/repository/org/springframework/spring-webmvc/4.1.3.RELEASE/spring-webmvc-4.1.3.RELEASE.jar, file:/C:/Users/pdibr/.m2/repository/org/glassfish/hk2/hk2/2.3.0-b10/hk2-2.3.0-b10.jar, file:/C:/Users/pdibr/.m2/repository/org/glassfish/hk2/spring-bridge/2.3.0-b10/spring-bridge-2.3.0-b10.jar, file:/C:/Users/pdibr/.m2/repository/org/jvnet/tiger-types/1.4/tiger-types-1.4.jar, file:/C:/Users/pdibr/.m2/repository/javax/validation/validation-api/1.1.0.Final/validation-api-1.1.0.Final.jar, file:/C:/Users/pdibr/.m2/repository/org/glassfish/jersey/containers/jersey-container-servlet/2.13/jersey-container-servlet-2.13.jar, file:/C:/Users/pdibr/.m2/repository/org/springframework/boot/spring-boot-starter-tomcat/1.2.0.RELEASE/spring-boot-starter-tomcat-1.2.0.RELEASE.jar, file:/C:/Users/pdibr/.m2/repository/org/apache/commons/commons-pool2/2.2/commons-pool2-2.2.jar, file:/C:/Users/pdibr/.m2/repository/org/glassfish/hk2/hk2-api/2.3.0-b10/hk2-api-2.3.0-b10.jar, file:/C:/Users/pdibr/.m2/repository/org/glassfish/jersey/containers/jersey-container-servlet-core/2.13/jersey-container-servlet-core-2.13.jar, file:/C:/Users/pdibr/.m2/repository/org/springframework/boot/spring-boot-starter/1.2.0.RELEASE/spring-boot-starter-1.2.0.RELEASE.jar, file:/C:/Users/pdibr/.m2/repository/org/glassfish/hk2/external/asm-all-repackaged/2.3.0-b10/asm-all-repackaged-2.3.0-b10.jar, file:/C:/Users/pdibr/.m2/repository/org/glassfish/hk2/hk2-locator/2.3.0-b10/hk2-locator-2.3.0-b10.jar, file:/C:/Users/pdibr/.m2/repository/org/glassfish/hk2/hk2-utils/2.3.0-b10/hk2-utils-2.3.0-b10.jar, file:/C:/Users/pdibr/.m2/repository/com/fasterxml/classmate/1.0.0/classmate-1.0.0.jar, file:/C:/Users/pdibr/.m2/repository/org/slf4j/log4j-over-slf4j/1.7.7/log4j-over-slf4j-1.7.7.jar, file:/C:/Users/pdibr/.m2/repository/org/glassfish/jersey/media/jersey-media-json-jackson/2.13/jersey-media-json-jackson-2.13.jar, file:/C:/Users/pdibr/.m2/repository/org/glassfish/hk2/hk2-runlevel/2.3.0-b10/hk2-runlevel-2.3.0-b10.jar, file:/C:/Users/pdibr/.m2/repository/org/jboss/logging/jboss-logging/3.1.3.GA/jboss-logging-3.1.3.GA.jar, file:/C:/Users/pdibr/.m2/repository/org/apache/tomcat/embed/tomcat-embed-el/8.0.15/tomcat-embed-el-8.0.15.jar, file:/C:/Users/pdibr/.m2/repository/org/springframework/spring-core/4.1.3.RELEASE/spring-core-4.1.3.RELEASE.jar, file:/C:/Users/pdibr/.m2/repository/org/hibernate/hibernate-validator/5.1.3.Final/hibernate-validator-5.1.3.Final.jar, file:/C:/Users/pdibr/.m2/repository/org/javassist/javassist/3.18.1-GA/javassist-3.18.1-GA.jar, file:/C:/Users/pdibr/.m2/repository/org/apache/logging/log4j/log4j-api/2.1/log4j-api-2.1.jar, file:/C:/Users/pdibr/.m2/repository/javax/annotation/javax.annotation-api/1.2/javax.annotation-api-1.2.jar, file:/C:/Users/pdibr/.m2/repository/org/glassfish/jersey/core/jersey-server/2.13/jersey-server-2.13.jar, file:/C:/Users/pdibr/.m2/repository/org/glassfish/jersey/core/jersey-common/2.13/jersey-common-2.13.jar, file:/C:/Users/pdibr/.m2/repository/redis/clients/jedis/2.5.2/jedis-2.5.2.jar, file:/C:/Users/pdibr/.m2/repository/org/springframework/boot/spring-boot-autoconfigure/1.2.0.RELEASE/spring-boot-autoconfigure-1.2.0.RELEASE.jar, file:/C:/Users/pdibr/.m2/repository/org/glassfish/hk2/osgi-resource-locator/1.0.1/osgi-resource-locator-1.0.1.jar, file:/C:/Users/pdibr/.m2/repository/org/glassfish/jersey/ext/jersey-spring3/2.13/jersey-spring3-2.13.jar, file:/C:/Users/pdibr/.m2/repository/junit/junit/4.12/junit-4.12.jar, file:/C:/Users/pdibr/.m2/repository/org/slf4j/jul-to-slf4j/1.7.7/jul-to-slf4j-1.7.7.jar, file:/C:/Users/pdibr/.m2/repository/org/glassfish/jersey/core/jersey-client/2.13/jersey-client-2.13.jar, file:/C:/Users/pdibr/.m2/repository/org/glassfish/hk2/config-types/2.3.0-b10/config-types-2.3.0-b10.jar, file:/C:/Users/pdibr/.m2/repository/org/apache/tomcat/embed/tomcat-embed-websocket/8.0.15/tomcat-embed-websocket-8.0.15.jar, file:/C:/Users/pdibr/.m2/repository/org/springframework/boot/spring-boot-starter-web/1.2.0.RELEASE/spring-boot-starter-web-1.2.0.RELEASE.jar, file:/C:/Users/pdibr/.m2/repository/org/springframework/spring-context/4.1.3.RELEASE/spring-context-4.1.3.RELEASE.jar, file:/C:/Users/pdibr/.m2/repository/org/slf4j/slf4j-api/1.7.7/slf4j-api-1.7.7.jar, file:/C:/Users/pdibr/.m2/repository/org/apache/tomcat/embed/tomcat-embed-logging-juli/8.0.15/tomcat-embed-logging-juli-8.0.15.jar]
2017-11-08 22:58:21.179 [br.com.fish.devops.Application.main()] ERROR org.springframework.boot.SpringApplication - Application startup failed
org.springframework.beans.factory.BeanCreationException: Error creating bean with name 'org.springframework.boot.context.properties.ConfigurationPropertiesBindingPostProcessor': Invocation of init method failed; nested exception is java.lang.NoClassDefFoundError: javax/xml/bind/JAXBException
	at org.springframework.beans.factory.support.AbstractAutowireCapableBeanFactory.initializeBean(AbstractAutowireCapableBeanFactory.java:1566) ~[spring-beans-4.1.3.RELEASE.jar:4.1.3.RELEASE]
	at org.springframework.beans.factory.support.AbstractAutowireCapableBeanFactory.doCreateBean(AbstractAutowireCapableBeanFactory.java:539) ~[spring-beans-4.1.3.RELEASE.jar:4.1.3.RELEASE]
	at org.springframework.beans.factory.support.AbstractAutowireCapableBeanFactory.createBean(AbstractAutowireCapableBeanFactory.java:476) ~[spring-beans-4.1.3.RELEASE.jar:4.1.3.RELEASE]
	at org.springframework.beans.factory.support.AbstractBeanFactory$1.getObject(AbstractBeanFactory.java:302) ~[spring-beans-4.1.3.RELEASE.jar:4.1.3.RELEASE]
	at org.springframework.beans.factory.support.DefaultSingletonBeanRegistry.getSingleton(DefaultSingletonBeanRegistry.java:230) ~[spring-beans-4.1.3.RELEASE.jar:4.1.3.RELEASE]
	at org.springframework.beans.factory.support.AbstractBeanFactory.doGetBean(AbstractBeanFactory.java:298) ~[spring-beans-4.1.3.RELEASE.jar:4.1.3.RELEASE]
	at org.springframework.beans.factory.support.AbstractBeanFactory.getBean(AbstractBeanFactory.java:198) ~[spring-beans-4.1.3.RELEASE.jar:4.1.3.RELEASE]
	at org.springframework.context.support.PostProcessorRegistrationDelegate.registerBeanPostProcessors(PostProcessorRegistrationDelegate.java:199) ~[spring-context-4.1.3.RELEASE.jar:4.1.3.RELEASE]
	at org.springframework.context.support.AbstractApplicationContext.registerBeanPostProcessors(AbstractApplicationContext.java:615) ~[spring-context-4.1.3.RELEASE.jar:4.1.3.RELEASE]
	at org.springframework.context.support.AbstractApplicationContext.refresh(AbstractApplicationContext.java:465) ~[spring-context-4.1.3.RELEASE.jar:4.1.3.RELEASE]
	at org.springframework.boot.context.embedded.EmbeddedWebApplicationContext.refresh(EmbeddedWebApplicationContext.java:109) ~[spring-boot-1.2.0.RELEASE.jar:1.2.0.RELEASE]
	at org.springframework.boot.SpringApplication.refresh(SpringApplication.java:691) ~[spring-boot-1.2.0.RELEASE.jar:1.2.0.RELEASE]
	at org.springframework.boot.SpringApplication.run(SpringApplication.java:321) [spring-boot-1.2.0.RELEASE.jar:1.2.0.RELEASE]
	at org.springframework.boot.SpringApplication.run(SpringApplication.java:961) [spring-boot-1.2.0.RELEASE.jar:1.2.0.RELEASE]
	at org.springframework.boot.SpringApplication.run(SpringApplication.java:950) [spring-boot-1.2.0.RELEASE.jar:1.2.0.RELEASE]
	at br.com.fish.devops.Application.main(Application.java:9) [classes/:?]
	at java.base/jdk.internal.reflect.NativeMethodAccessorImpl.invoke0(Native Method) ~[?:?]
	at java.base/jdk.internal.reflect.NativeMethodAccessorImpl.invoke(NativeMethodAccessorImpl.java:62) ~[?:?]
	at java.base/jdk.internal.reflect.DelegatingMethodAccessorImpl.invoke(DelegatingMethodAccessorImpl.java:43) ~[?:?]
	at java.base/java.lang.reflect.Method.invoke(Method.java:564) ~[?:?]
	at org.springframework.boot.maven.RunMojo$LaunchRunner.run(RunMojo.java:408) [spring-boot-maven-plugin-1.2.0.RELEASE.jar:1.2.0.RELEASE]
	at java.base/java.lang.Thread.run(Thread.java:844) [?:?]
Caused by: java.lang.NoClassDefFoundError: javax/xml/bind/JAXBException
	at java.base/java.lang.Class.forName0(Native Method) ~[?:?]
	at java.base/java.lang.Class.forName(Class.java:375) ~[?:?]
	at org.jboss.logging.Logger.getMessageLogger(Logger.java:2248) ~[bean-validator-2.3.0-b10.jar:?]
	at org.jboss.logging.Logger.getMessageLogger(Logger.java:2214) ~[bean-validator-2.3.0-b10.jar:?]
	at org.hibernate.validator.internal.util.logging.LoggerFactory.make(LoggerFactory.java:29) ~[bean-validator-2.3.0-b10.jar:?]
	at org.hibernate.validator.internal.util.Version.<clinit>(Version.java:27) ~[bean-validator-2.3.0-b10.jar:?]
	at org.hibernate.validator.internal.engine.ConfigurationImpl.<clinit>(ConfigurationImpl.java:65) ~[bean-validator-2.3.0-b10.jar:?]
	at org.hibernate.validator.HibernateValidator.createGenericConfiguration(HibernateValidator.java:41) ~[bean-validator-2.3.0-b10.jar:?]
	at javax.validation.Validation$GenericBootstrapImpl.configure(Validation.java:276) ~[bean-validator-2.3.0-b10.jar:?]
	at org.springframework.validation.beanvalidation.LocalValidatorFactoryBean.afterPropertiesSet(LocalValidatorFactoryBean.java:223) ~[spring-context-4.1.3.RELEASE.jar:4.1.3.RELEASE]
	at org.springframework.boot.context.properties.ConfigurationPropertiesBindingPostProcessor$Jsr303ValidatorFactory.run(ConfigurationPropertiesBindingPostProcessor.java:361) ~[spring-boot-1.2.0.RELEASE.jar:1.2.0.RELEASE]
	at org.springframework.boot.context.properties.ConfigurationPropertiesBindingPostProcessor.afterPropertiesSet(ConfigurationPropertiesBindingPostProcessor.java:174) ~[spring-boot-1.2.0.RELEASE.jar:1.2.0.RELEASE]
	at org.springframework.beans.factory.support.AbstractAutowireCapableBeanFactory.invokeInitMethods(AbstractAutowireCapableBeanFactory.java:1625) ~[spring-beans-4.1.3.RELEASE.jar:4.1.3.RELEASE]
	at org.springframework.beans.factory.support.AbstractAutowireCapableBeanFactory.initializeBean(AbstractAutowireCapableBeanFactory.java:1562) ~[spring-beans-4.1.3.RELEASE.jar:4.1.3.RELEASE]
	... 21 more
Caused by: java.lang.ClassNotFoundException: javax.xml.bind.JAXBException
	at java.base/java.net.URLClassLoader.findClass(URLClassLoader.java:466) ~[?:?]
	at java.base/java.lang.ClassLoader.loadClass(ClassLoader.java:563) ~[?:?]
	at java.base/java.lang.ClassLoader.loadClass(ClassLoader.java:496) ~[?:?]
	at java.base/java.lang.Class.forName0(Native Method) ~[?:?]
	at java.base/java.lang.Class.forName(Class.java:375) ~[?:?]
	at org.jboss.logging.Logger.getMessageLogger(Logger.java:2248) ~[bean-validator-2.3.0-b10.jar:?]
	at org.jboss.logging.Logger.getMessageLogger(Logger.java:2214) ~[bean-validator-2.3.0-b10.jar:?]
	at org.hibernate.validator.internal.util.logging.LoggerFactory.make(LoggerFactory.java:29) ~[bean-validator-2.3.0-b10.jar:?]
	at org.hibernate.validator.internal.util.Version.<clinit>(Version.java:27) ~[bean-validator-2.3.0-b10.jar:?]
	at org.hibernate.validator.internal.engine.ConfigurationImpl.<clinit>(ConfigurationImpl.java:65) ~[bean-validator-2.3.0-b10.jar:?]
	at org.hibernate.validator.HibernateValidator.createGenericConfiguration(HibernateValidator.java:41) ~[bean-validator-2.3.0-b10.jar:?]
	at javax.validation.Validation$GenericBootstrapImpl.configure(Validation.java:276) ~[bean-validator-2.3.0-b10.jar:?]
	at org.springframework.validation.beanvalidation.LocalValidatorFactoryBean.afterPropertiesSet(LocalValidatorFactoryBean.java:223) ~[spring-context-4.1.3.RELEASE.jar:4.1.3.RELEASE]
	at org.springframework.boot.context.properties.ConfigurationPropertiesBindingPostProcessor$Jsr303ValidatorFactory.run(ConfigurationPropertiesBindingPostProcessor.java:361) ~[spring-boot-1.2.0.RELEASE.jar:1.2.0.RELEASE]
	at org.springframework.boot.context.properties.ConfigurationPropertiesBindingPostProcessor.afterPropertiesSet(ConfigurationPropertiesBindingPostProcessor.java:174) ~[spring-boot-1.2.0.RELEASE.jar:1.2.0.RELEASE]
	at org.springframework.beans.factory.support.AbstractAutowireCapableBeanFactory.invokeInitMethods(AbstractAutowireCapableBeanFactory.java:1625) ~[spring-beans-4.1.3.RELEASE.jar:4.1.3.RELEASE]
	at org.springframework.beans.factory.support.AbstractAutowireCapableBeanFactory.initializeBean(AbstractAutowireCapableBeanFactory.java:1562) ~[spring-beans-4.1.3.RELEASE.jar:4.1.3.RELEASE]
	... 21 more
